<?xml version="1.0" encoding="UTF-8"?>
<!-- Generated by org.testng.reporters.JUnitXMLReporter -->
<testsuite hostname="DESKTOP-NDH55H9" ignored="0" name="Test" tests="9" failures="2" timestamp="2022-10-06T22:25:34 IST" time="0.841" errors="0">
  <testcase name="failTest1" time="0.184" classname="com.Transformers_demo.Demo2">
    <skipped/>
  </testcase> <!-- failTest1 -->
  <testcase name="failTest1" time="0.012" classname="com.Transformers_demo.Demo2">
    <skipped/>
  </testcase> <!-- failTest1 -->
  <testcase name="failTest1" time="0.011" classname="com.Transformers_demo.Demo2">
    <skipped/>
  </testcase> <!-- failTest1 -->
  <testcase name="failTest1" time="0.009" classname="com.Transformers_demo.Demo2">
    <failure type="java.lang.AssertionError" message="expected [Tamil] but found [TAMIL]">
      <![CDATA[java.lang.AssertionError: expected [Tamil] but found [TAMIL]
at com.Transformers_demo.Demo2.failTest1(Demo2.java:12)
at java.util.ArrayList.forEach(Unknown Source)
... Removed 33 stack frames]]>
    </failure>
  </testcase> <!-- failTest1 -->
  <testcase name="failTest2" time="0.013" classname="com.Transformers_demo.Demo2"/>
  <testcase name="failTest3" time="0.023" classname="com.Transformers_demo.Demo2">
    <skipped/>
  </testcase> <!-- failTest3 -->
  <testcase name="failTest3" time="0.011" classname="com.Transformers_demo.Demo2">
    <skipped/>
  </testcase> <!-- failTest3 -->
  <testcase name="failTest3" time="0.01" classname="com.Transformers_demo.Demo2">
    <skipped/>
  </testcase> <!-- failTest3 -->
  <testcase name="failTest3" time="0.007" classname="com.Transformers_demo.Demo2">
    <failure type="java.lang.AssertionError" message="expected [TamilSts] but found [TAMIL]">
      <![CDATA[java.lang.AssertionError: expected [TamilSts] but found [TAMIL]
at com.Transformers_demo.Demo2.failTest3(Demo2.java:25)
at java.util.ArrayList.forEach(Unknown Source)
... Removed 33 stack frames]]>
    </failure>
  </testcase> <!-- failTest3 -->
</testsuite> <!-- Test -->
